  [1m[35m (422.2ms)[0m  [1m[35mCREATE DATABASE "tester_development" ENCODING = 'unicode'[0m
  [1m[35m (442.7ms)[0m  [1m[35mCREATE DATABASE "tester_test" ENCODING = 'unicode'[0m
DEPRECATION WARNING: warning: white_list_sanitizer isdeprecated, please use safe_list_sanitizer instead. (called from block in <module:ContentHelper> at /Users/jacob/.rvm/gems/ruby-2.6.3/gems/actiontext-6.0.0.rc2/app/helpers/action_text/content_helper.rb:7)
Started GET "/" for ::1 at 2019-08-05 19:09:10 -0400
Processing by Rails::WelcomeController#index as HTML
  Rendering /Users/jacob/.rvm/gems/ruby-2.6.3/gems/railties-6.0.0.rc2/lib/rails/templates/rails/welcome/index.html.erb
  Rendered /Users/jacob/.rvm/gems/ruby-2.6.3/gems/railties-6.0.0.rc2/lib/rails/templates/rails/welcome/index.html.erb (Duration: 8.2ms | Allocations: 482)
Completed 200 OK in 23ms (Views: 14.1ms | ActiveRecord: 0.0ms | Allocations: 2745)


  [1m[35m (8.0ms)[0m  [1m[35mCREATE TABLE "schema_migrations" ("version" character varying NOT NULL PRIMARY KEY)[0m
  [1m[35m (26.3ms)[0m  [1m[35mCREATE TABLE "ar_internal_metadata" ("key" character varying NOT NULL PRIMARY KEY, "value" character varying, "created_at" timestamp(6) NOT NULL, "updated_at" timestamp(6) NOT NULL)[0m
  [1m[35m (0.9ms)[0m  [1m[34mSELECT pg_try_advisory_lock(3840111716073194625)[0m
  [1m[35m (1.2ms)[0m  [1m[34mSELECT "schema_migrations"."version" FROM "schema_migrations" ORDER BY "schema_migrations"."version" ASC[0m
Migrating to CreatePost (20190805231205)
  [1m[35m (0.2ms)[0m  [1m[35mBEGIN[0m
  [1m[35m (24.9ms)[0m  [1m[35mCREATE TABLE "posts" ("id" bigserial primary key)[0m
  [1m[36mprimary::SchemaMigration Create (1.7ms)[0m  [1m[32mINSERT INTO "schema_migrations" ("version") VALUES ($1) RETURNING "version"[0m  [["version", "20190805231205"]]
  [1m[35m (0.5ms)[0m  [1m[35mCOMMIT[0m
Migrating to CreatePosts (20190805231218)
  [1m[35m (5.9ms)[0m  [1m[35mBEGIN[0m
  [1m[35m (13.8ms)[0m  [1m[35mCREATE TABLE "posts" ("id" bigserial primary key, "name" character varying, "title" character varying, "content" text, "created_at" timestamp(6) NOT NULL, "updated_at" timestamp(6) NOT NULL)[0m
  [1m[35m (0.2ms)[0m  [1m[31mROLLBACK[0m
  [1m[35m (0.2ms)[0m  [1m[34mSELECT pg_advisory_unlock(3840111716073194625)[0m
  [1m[35m (0.5ms)[0m  [1m[34mSELECT "schema_migrations"."version" FROM "schema_migrations" ORDER BY "schema_migrations"."version" ASC[0m
  [1m[35m (0.2ms)[0m  [1m[34mSELECT "schema_migrations"."version" FROM "schema_migrations" ORDER BY "schema_migrations"."version" ASC[0m
  [1m[35m (0.2ms)[0m  [1m[34mSELECT "schema_migrations"."version" FROM "schema_migrations" ORDER BY "schema_migrations"."version" ASC[0m
  [1m[35m (0.2ms)[0m  [1m[34mSELECT pg_try_advisory_lock(3840111716073194625)[0m
  [1m[35m (0.2ms)[0m  [1m[34mSELECT "schema_migrations"."version" FROM "schema_migrations" ORDER BY "schema_migrations"."version" ASC[0m
Migrating to CreatePost (20190805231205)
  [1m[35m (0.2ms)[0m  [1m[35mBEGIN[0m
  [1m[35m (7.3ms)[0m  [1m[35mDROP TABLE "posts"[0m
  [1m[36mprimary::SchemaMigration Destroy (6.3ms)[0m  [1m[31mDELETE FROM "schema_migrations" WHERE "schema_migrations"."version" = $1[0m  [["version", "20190805231205"]]
  [1m[35m (8.0ms)[0m  [1m[35mCOMMIT[0m
  [1m[35m (0.3ms)[0m  [1m[34mSELECT pg_advisory_unlock(3840111716073194625)[0m
  [1m[35m (0.7ms)[0m  [1m[34mSELECT "schema_migrations"."version" FROM "schema_migrations" ORDER BY "schema_migrations"."version" ASC[0m
  [1m[35m (0.6ms)[0m  [1m[34mSELECT "schema_migrations"."version" FROM "schema_migrations" ORDER BY "schema_migrations"."version" ASC[0m
  [1m[35m (0.2ms)[0m  [1m[34mSELECT "schema_migrations"."version" FROM "schema_migrations" ORDER BY "schema_migrations"."version" ASC[0m
  [1m[35m (0.2ms)[0m  [1m[34mSELECT pg_try_advisory_lock(3840111716073194625)[0m
  [1m[35m (0.2ms)[0m  [1m[34mSELECT "schema_migrations"."version" FROM "schema_migrations" ORDER BY "schema_migrations"."version" ASC[0m
  [1m[35m (0.1ms)[0m  [1m[34mSELECT pg_advisory_unlock(3840111716073194625)[0m
  [1m[35m (0.6ms)[0m  [1m[34mSELECT "schema_migrations"."version" FROM "schema_migrations" ORDER BY "schema_migrations"."version" ASC[0m
DEPRECATION WARNING: warning: white_list_sanitizer isdeprecated, please use safe_list_sanitizer instead. (called from <main> at /Users/jacob/Desktop/tester/app/controllers/application_controller.rb:1)
  [1m[35m (0.2ms)[0m  [1m[34mSELECT pg_try_advisory_lock(3840111716073194625)[0m
  [1m[35m (0.6ms)[0m  [1m[34mSELECT "schema_migrations"."version" FROM "schema_migrations" ORDER BY "schema_migrations"."version" ASC[0m
Migrating to CreatePosts (20190805231218)
  [1m[35m (0.1ms)[0m  [1m[35mBEGIN[0m
  [1m[35m (5.4ms)[0m  [1m[35mCREATE TABLE "posts" ("id" bigserial primary key, "name" character varying, "title" character varying, "content" text, "created_at" timestamp(6) NOT NULL, "updated_at" timestamp(6) NOT NULL)[0m
  [1m[36mprimary::SchemaMigration Create (0.3ms)[0m  [1m[32mINSERT INTO "schema_migrations" ("version") VALUES ($1) RETURNING "version"[0m  [["version", "20190805231218"]]
  [1m[35m (0.6ms)[0m  [1m[35mCOMMIT[0m
  [1m[36mActiveRecord::InternalMetadata Load (0.5ms)[0m  [1m[34mSELECT "ar_internal_metadata".* FROM "ar_internal_metadata" WHERE "ar_internal_metadata"."key" = $1 LIMIT $2[0m  [["key", "environment"], ["LIMIT", 1]]
  [1m[35m (0.1ms)[0m  [1m[35mBEGIN[0m
  [1m[36mActiveRecord::InternalMetadata Create (7.0ms)[0m  [1m[32mINSERT INTO "ar_internal_metadata" ("key", "value", "created_at", "updated_at") VALUES ($1, $2, $3, $4) RETURNING "key"[0m  [["key", "environment"], ["value", "development"], ["created_at", "2019-08-05 23:13:38.981568"], ["updated_at", "2019-08-05 23:13:38.981568"]]
  [1m[35m (0.3ms)[0m  [1m[35mCOMMIT[0m
  [1m[35m (0.2ms)[0m  [1m[34mSELECT pg_advisory_unlock(3840111716073194625)[0m
  [1m[35m (0.6ms)[0m  [1m[34mSELECT "schema_migrations"."version" FROM "schema_migrations" ORDER BY "schema_migrations"."version" ASC[0m
DEPRECATION WARNING: warning: white_list_sanitizer isdeprecated, please use safe_list_sanitizer instead. (called from block in <module:ContentHelper> at /Users/jacob/.rvm/gems/ruby-2.6.3/gems/actiontext-6.0.0.rc2/app/helpers/action_text/content_helper.rb:7)
Started GET "/" for ::1 at 2019-08-05 19:15:22 -0400
  [1m[35m (0.7ms)[0m  [1m[34mSELECT "schema_migrations"."version" FROM "schema_migrations" ORDER BY "schema_migrations"."version" ASC[0m
Processing by HomeController#index as HTML
  Rendering home/index.html.erb within layouts/application
  Rendered home/index.html.erb within layouts/application (Duration: 0.6ms | Allocations: 206)
[Webpacker] Compiling…
[Webpacker] Compilation failed:
/Users/jacob/Desktop/tester/node_modules/webpack-cli/bin/cli.js:93
				throw err;
				^

ReferenceError: environment is not defined
    at Object.<anonymous> (/Users/jacob/Desktop/tester/config/webpack/environment.js:2:1)
    at Module._compile (/Users/jacob/Desktop/tester/node_modules/v8-compile-cache/v8-compile-cache.js:192:30)
    at Object.Module._extensions..js (internal/modules/cjs/loader.js:789:10)
    at Module.load (internal/modules/cjs/loader.js:653:32)
    at tryModuleLoad (internal/modules/cjs/loader.js:593:12)
    at Function.Module._load (internal/modules/cjs/loader.js:585:3)
    at Module.require (internal/modules/cjs/loader.js:692:17)
    at require (/Users/jacob/Desktop/tester/node_modules/v8-compile-cache/v8-compile-cache.js:161:20)
    at Object.<anonymous> (/Users/jacob/Desktop/tester/config/webpack/development.js:3:21)
    at Module._compile (/Users/jacob/Desktop/tester/node_modules/v8-compile-cache/v8-compile-cache.js:192:30)
    at Object.Module._extensions..js (internal/modules/cjs/loader.js:789:10)
    at Module.load (internal/modules/cjs/loader.js:653:32)
    at tryModuleLoad (internal/modules/cjs/loader.js:593:12)
    at Function.Module._load (internal/modules/cjs/loader.js:585:3)
    at Module.require (internal/modules/cjs/loader.js:692:17)
    at require (/Users/jacob/Desktop/tester/node_modules/v8-compile-cache/v8-compile-cache.js:161:20)
    at WEBPACK_OPTIONS (/Users/jacob/Desktop/tester/node_modules/webpack-cli/bin/utils/convert-argv.js:116:13)
    at requireConfig (/Users/jacob/Desktop/tester/node_modules/webpack-cli/bin/utils/convert-argv.js:118:6)
    at /Users/jacob/Desktop/tester/node_modules/webpack-cli/bin/utils/convert-argv.js:125:17
    at Array.forEach (<anonymous>)
    at module.exports (/Users/jacob/Desktop/tester/node_modules/webpack-cli/bin/utils/convert-argv.js:123:15)
    at yargs.parse (/Users/jacob/Desktop/tester/node_modules/webpack-cli/bin/cli.js:71:45)
    at Object.parse (/Users/jacob/Desktop/tester/node_modules/webpack-cli/node_modules/yargs/yargs.js:567:18)
    at /Users/jacob/Desktop/tester/node_modules/webpack-cli/bin/cli.js:49:8
    at Object.<anonymous> (/Users/jacob/Desktop/tester/node_modules/webpack-cli/bin/cli.js:365:3)
    at Module._compile (internal/modules/cjs/loader.js:778:30)
    at Object.Module._extensions..js (internal/modules/cjs/loader.js:789:10)
    at Module.load (internal/modules/cjs/loader.js:653:32)
    at tryModuleLoad (internal/modules/cjs/loader.js:593:12)
    at Function.Module._load (internal/modules/cjs/loader.js:585:3)

Completed 500 Internal Server Error in 1520ms (ActiveRecord: 0.0ms | Allocations: 5839)


  
ActionView::Template::Error (Webpacker can't find application in /Users/jacob/Desktop/tester/public/packs/manifest.json. Possible causes:
1. You want to set webpacker.yml value of compile to true for your environment
   unless you are using the `webpack -w` or the webpack-dev-server.
2. webpack has not yet re-run to reflect updates.
3. You have misconfigured Webpacker's config/webpacker.yml file.
4. Your webpack configuration is not creating a manifest.
Your manifest contains:
{
}
):
     6:     <%= csp_meta_tag %>
     7: 
     8:     <%= stylesheet_pack_tag 'application', media: 'all', 'data-turbolinks-track': 'reload' %>
     9: <%= javascript_pack_tag 'application', 'data-turbolinks-track': 'reload' %>
    10:   </head>
    11: 
    12:   <body>
  
app/views/layouts/application.html.erb:9
DEPRECATION WARNING: warning: white_list_sanitizer isdeprecated, please use safe_list_sanitizer instead. (called from block in <module:ContentHelper> at /Users/jacob/.rvm/gems/ruby-2.6.3/gems/actiontext-6.0.0.rc2/app/helpers/action_text/content_helper.rb:7)
Started GET "/" for ::1 at 2019-08-05 19:16:52 -0400
  [1m[35m (0.8ms)[0m  [1m[34mSELECT "schema_migrations"."version" FROM "schema_migrations" ORDER BY "schema_migrations"."version" ASC[0m
Processing by HomeController#index as HTML
  Rendering home/index.html.erb within layouts/application
  Rendered home/index.html.erb within layouts/application (Duration: 0.6ms | Allocations: 206)
[Webpacker] Compiling…
[Webpacker] Compilation failed:
/Users/jacob/Desktop/tester/node_modules/webpack-cli/bin/cli.js:93
				throw err;
				^

ReferenceError: environment is not defined
    at Object.<anonymous> (/Users/jacob/Desktop/tester/config/webpack/environment.js:2:1)
    at Module._compile (/Users/jacob/Desktop/tester/node_modules/v8-compile-cache/v8-compile-cache.js:192:30)
    at Object.Module._extensions..js (internal/modules/cjs/loader.js:789:10)
    at Module.load (internal/modules/cjs/loader.js:653:32)
    at tryModuleLoad (internal/modules/cjs/loader.js:593:12)
    at Function.Module._load (internal/modules/cjs/loader.js:585:3)
    at Module.require (internal/modules/cjs/loader.js:692:17)
    at require (/Users/jacob/Desktop/tester/node_modules/v8-compile-cache/v8-compile-cache.js:161:20)
    at Object.<anonymous> (/Users/jacob/Desktop/tester/config/webpack/development.js:3:21)
    at Module._compile (/Users/jacob/Desktop/tester/node_modules/v8-compile-cache/v8-compile-cache.js:192:30)
    at Object.Module._extensions..js (internal/modules/cjs/loader.js:789:10)
    at Module.load (internal/modules/cjs/loader.js:653:32)
    at tryModuleLoad (internal/modules/cjs/loader.js:593:12)
    at Function.Module._load (internal/modules/cjs/loader.js:585:3)
    at Module.require (internal/modules/cjs/loader.js:692:17)
    at require (/Users/jacob/Desktop/tester/node_modules/v8-compile-cache/v8-compile-cache.js:161:20)
    at WEBPACK_OPTIONS (/Users/jacob/Desktop/tester/node_modules/webpack-cli/bin/utils/convert-argv.js:116:13)
    at requireConfig (/Users/jacob/Desktop/tester/node_modules/webpack-cli/bin/utils/convert-argv.js:118:6)
    at /Users/jacob/Desktop/tester/node_modules/webpack-cli/bin/utils/convert-argv.js:125:17
    at Array.forEach (<anonymous>)
    at module.exports (/Users/jacob/Desktop/tester/node_modules/webpack-cli/bin/utils/convert-argv.js:123:15)
    at yargs.parse (/Users/jacob/Desktop/tester/node_modules/webpack-cli/bin/cli.js:71:45)
    at Object.parse (/Users/jacob/Desktop/tester/node_modules/webpack-cli/node_modules/yargs/yargs.js:567:18)
    at /Users/jacob/Desktop/tester/node_modules/webpack-cli/bin/cli.js:49:8
    at Object.<anonymous> (/Users/jacob/Desktop/tester/node_modules/webpack-cli/bin/cli.js:365:3)
    at Module._compile (internal/modules/cjs/loader.js:778:30)
    at Object.Module._extensions..js (internal/modules/cjs/loader.js:789:10)
    at Module.load (internal/modules/cjs/loader.js:653:32)
    at tryModuleLoad (internal/modules/cjs/loader.js:593:12)
    at Function.Module._load (internal/modules/cjs/loader.js:585:3)

Completed 500 Internal Server Error in 1132ms (ActiveRecord: 0.0ms | Allocations: 5389)


  
ActionView::Template::Error (Webpacker can't find application in /Users/jacob/Desktop/tester/public/packs/manifest.json. Possible causes:
1. You want to set webpacker.yml value of compile to true for your environment
   unless you are using the `webpack -w` or the webpack-dev-server.
2. webpack has not yet re-run to reflect updates.
3. You have misconfigured Webpacker's config/webpacker.yml file.
4. Your webpack configuration is not creating a manifest.
Your manifest contains:
{
}
):
     6:     <%= csp_meta_tag %>
     7: 
     8:     <%= stylesheet_pack_tag 'application', media: 'all', 'data-turbolinks-track': 'reload' %>
     9: <%= javascript_pack_tag 'application', 'data-turbolinks-track': 'reload' %>
    10:   </head>
    11: 
    12:   <body>
  
app/views/layouts/application.html.erb:9
Started GET "/" for ::1 at 2019-08-05 19:17:08 -0400
Processing by HomeController#index as HTML
  Rendering home/index.html.erb within layouts/application
  Rendered home/index.html.erb within layouts/application (Duration: 0.3ms | Allocations: 84)
[Webpacker] Compiling…
[Webpacker] Compilation failed:
/Users/jacob/Desktop/tester/node_modules/webpack-cli/bin/cli.js:93
				throw err;
				^

ReferenceError: environment is not defined
    at Object.<anonymous> (/Users/jacob/Desktop/tester/config/webpack/environment.js:2:1)
    at Module._compile (/Users/jacob/Desktop/tester/node_modules/v8-compile-cache/v8-compile-cache.js:192:30)
    at Object.Module._extensions..js (internal/modules/cjs/loader.js:789:10)
    at Module.load (internal/modules/cjs/loader.js:653:32)
    at tryModuleLoad (internal/modules/cjs/loader.js:593:12)
    at Function.Module._load (internal/modules/cjs/loader.js:585:3)
    at Module.require (internal/modules/cjs/loader.js:692:17)
    at require (/Users/jacob/Desktop/tester/node_modules/v8-compile-cache/v8-compile-cache.js:161:20)
    at Object.<anonymous> (/Users/jacob/Desktop/tester/config/webpack/development.js:3:21)
    at Module._compile (/Users/jacob/Desktop/tester/node_modules/v8-compile-cache/v8-compile-cache.js:192:30)
    at Object.Module._extensions..js (internal/modules/cjs/loader.js:789:10)
    at Module.load (internal/modules/cjs/loader.js:653:32)
    at tryModuleLoad (internal/modules/cjs/loader.js:593:12)
    at Function.Module._load (internal/modules/cjs/loader.js:585:3)
    at Module.require (internal/modules/cjs/loader.js:692:17)
    at require (/Users/jacob/Desktop/tester/node_modules/v8-compile-cache/v8-compile-cache.js:161:20)
    at WEBPACK_OPTIONS (/Users/jacob/Desktop/tester/node_modules/webpack-cli/bin/utils/convert-argv.js:116:13)
    at requireConfig (/Users/jacob/Desktop/tester/node_modules/webpack-cli/bin/utils/convert-argv.js:118:6)
    at /Users/jacob/Desktop/tester/node_modules/webpack-cli/bin/utils/convert-argv.js:125:17
    at Array.forEach (<anonymous>)
    at module.exports (/Users/jacob/Desktop/tester/node_modules/webpack-cli/bin/utils/convert-argv.js:123:15)
    at yargs.parse (/Users/jacob/Desktop/tester/node_modules/webpack-cli/bin/cli.js:71:45)
    at Object.parse (/Users/jacob/Desktop/tester/node_modules/webpack-cli/node_modules/yargs/yargs.js:567:18)
    at /Users/jacob/Desktop/tester/node_modules/webpack-cli/bin/cli.js:49:8
    at Object.<anonymous> (/Users/jacob/Desktop/tester/node_modules/webpack-cli/bin/cli.js:365:3)
    at Module._compile (internal/modules/cjs/loader.js:778:30)
    at Object.Module._extensions..js (internal/modules/cjs/loader.js:789:10)
    at Module.load (internal/modules/cjs/loader.js:653:32)
    at tryModuleLoad (internal/modules/cjs/loader.js:593:12)
    at Function.Module._load (internal/modules/cjs/loader.js:585:3)

Completed 500 Internal Server Error in 1117ms (ActiveRecord: 0.0ms | Allocations: 4135)


  
ActionView::Template::Error (Webpacker can't find application in /Users/jacob/Desktop/tester/public/packs/manifest.json. Possible causes:
1. You want to set webpacker.yml value of compile to true for your environment
   unless you are using the `webpack -w` or the webpack-dev-server.
2. webpack has not yet re-run to reflect updates.
3. You have misconfigured Webpacker's config/webpacker.yml file.
4. Your webpack configuration is not creating a manifest.
Your manifest contains:
{
}
):
     6:     <%= csp_meta_tag %>
     7: 
     8:     <%= stylesheet_pack_tag 'application', media: 'all', 'data-turbolinks-track': 'reload' %>
     9:     <%= javascript_pack_tag 'application', 'data-turbolinks-track': 'reload' %>
    10:   </head>
    11: 
    12:   <body>
  
app/views/layouts/application.html.erb:9
DEPRECATION WARNING: warning: white_list_sanitizer isdeprecated, please use safe_list_sanitizer instead. (called from block in <module:ContentHelper> at /Users/jacob/.rvm/gems/ruby-2.6.3/gems/actiontext-6.0.0.rc2/app/helpers/action_text/content_helper.rb:7)
Started GET "/" for ::1 at 2019-08-05 19:21:48 -0400
  [1m[35m (0.6ms)[0m  [1m[34mSELECT "schema_migrations"."version" FROM "schema_migrations" ORDER BY "schema_migrations"."version" ASC[0m
Processing by HomeController#index as HTML
  Rendering home/index.html.erb within layouts/application
  Rendered home/index.html.erb within layouts/application (Duration: 0.5ms | Allocations: 206)
[Webpacker] Compiling…
[Webpacker] Compiled all packs in /Users/jacob/Desktop/tester/public/packs
Completed 200 OK in 5759ms (Views: 5753.8ms | ActiveRecord: 0.0ms | Allocations: 5510)


DEPRECATION WARNING: warning: white_list_sanitizer isdeprecated, please use safe_list_sanitizer instead. (called from block in <module:ContentHelper> at /Users/jacob/.rvm/gems/ruby-2.6.3/gems/actiontext-6.0.0.rc2/app/helpers/action_text/content_helper.rb:7)
Started GET "/" for ::1 at 2019-08-05 19:22:13 -0400
  [1m[35m (1.1ms)[0m  [1m[34mSELECT "schema_migrations"."version" FROM "schema_migrations" ORDER BY "schema_migrations"."version" ASC[0m
Processing by HomeController#index as HTML
  Rendering home/index.html.erb within layouts/application
  Rendered home/index.html.erb within layouts/application (Duration: 0.5ms | Allocations: 206)
Completed 200 OK in 13ms (Views: 7.4ms | ActiveRecord: 0.0ms | Allocations: 4566)


Started GET "/" for ::1 at 2019-08-05 19:24:35 -0400
Processing by HomeController#index as HTML
  Rendering home/index.html.erb within layouts/application
  Rendered home/index.html.erb within layouts/application (Duration: 0.3ms | Allocations: 95)
Completed 200 OK in 7ms (Views: 6.2ms | ActiveRecord: 0.0ms | Allocations: 3622)


Started GET "/" for ::1 at 2019-08-05 19:26:15 -0400
Processing by HomeController#index as HTML
  Rendering home/index.html.erb within layouts/application
  Rendered home/index.html.erb within layouts/application (Duration: 0.3ms | Allocations: 91)
Completed 200 OK in 6ms (Views: 5.6ms | ActiveRecord: 0.0ms | Allocations: 3613)


Started GET "/" for ::1 at 2019-08-05 19:26:37 -0400
Processing by HomeController#index as HTML
  Rendering home/index.html.erb within layouts/application
  Rendered home/index.html.erb within layouts/application (Duration: 0.3ms | Allocations: 87)
Completed 200 OK in 9ms (Views: 8.3ms | ActiveRecord: 0.0ms | Allocations: 3608)


Started GET "/" for ::1 at 2019-08-05 19:28:49 -0400
Processing by HomeController#index as HTML
  Rendering home/index.html.erb within layouts/application
  Rendered home/index.html.erb within layouts/application (Duration: 0.3ms | Allocations: 112)
Completed 200 OK in 11ms (Views: 10.0ms | ActiveRecord: 0.0ms | Allocations: 3632)


  [1m[35m (0.7ms)[0m  [1m[34mSELECT "schema_migrations"."version" FROM "schema_migrations" ORDER BY "schema_migrations"."version" ASC[0m
  [1m[35m (0.2ms)[0m  [1m[34mSELECT "schema_migrations"."version" FROM "schema_migrations" ORDER BY "schema_migrations"."version" ASC[0m
  [1m[35m (0.2ms)[0m  [1m[34mSELECT "schema_migrations"."version" FROM "schema_migrations" ORDER BY "schema_migrations"."version" ASC[0m
  [1m[35m (0.2ms)[0m  [1m[34mSELECT pg_try_advisory_lock(3840111716073194625)[0m
  [1m[35m (0.2ms)[0m  [1m[34mSELECT "schema_migrations"."version" FROM "schema_migrations" ORDER BY "schema_migrations"."version" ASC[0m
Migrating to CreatePosts (20190805231218)
  [1m[35m (0.2ms)[0m  [1m[35mBEGIN[0m
  [1m[35m (1.1ms)[0m  [1m[35mDROP TABLE "posts"[0m
  [1m[36mprimary::SchemaMigration Destroy (0.4ms)[0m  [1m[31mDELETE FROM "schema_migrations" WHERE "schema_migrations"."version" = $1[0m  [["version", "20190805231218"]]
  [1m[35m (3.3ms)[0m  [1m[35mCOMMIT[0m
  [1m[35m (0.3ms)[0m  [1m[34mSELECT pg_advisory_unlock(3840111716073194625)[0m
  [1m[35m (0.5ms)[0m  [1m[34mSELECT "schema_migrations"."version" FROM "schema_migrations" ORDER BY "schema_migrations"."version" ASC[0m
DEPRECATION WARNING: warning: white_list_sanitizer isdeprecated, please use safe_list_sanitizer instead. (called from <main> at /Users/jacob/Desktop/tester/app/controllers/application_controller.rb:1)
DEPRECATION WARNING: warning: white_list_sanitizer isdeprecated, please use safe_list_sanitizer instead. (called from block in <module:ContentHelper> at /Users/jacob/.rvm/gems/ruby-2.6.3/gems/actiontext-6.0.0.rc2/app/helpers/action_text/content_helper.rb:7)
Started GET "/" for ::1 at 2019-08-05 19:37:42 -0400
Processing by HomeController#index as HTML
  Rendering home/index.html.erb within layouts/application
  Rendered home/index.html.erb within layouts/application (Duration: 0.7ms | Allocations: 233)
Completed 200 OK in 14ms (Views: 8.1ms | ActiveRecord: 0.0ms | Allocations: 4591)


Started GET "/" for ::1 at 2019-08-05 19:38:06 -0400
Processing by HomeController#index as HTML
  Rendering home/index.html.erb within layouts/application
  Rendered home/index.html.erb within layouts/application (Duration: 0.3ms | Allocations: 116)
Completed 200 OK in 7ms (Views: 5.9ms | ActiveRecord: 0.0ms | Allocations: 3650)


DEPRECATION WARNING: warning: white_list_sanitizer isdeprecated, please use safe_list_sanitizer instead. (called from block in <module:ContentHelper> at /Users/jacob/.rvm/gems/ruby-2.6.3/gems/actiontext-6.0.0.rc2/app/helpers/action_text/content_helper.rb:7)
Started GET "/" for ::1 at 2019-08-05 19:53:47 -0400
Processing by HomeController#index as HTML
  Rendering home/index.html.erb within layouts/application
  Rendered home/index.html.erb within layouts/application (Duration: 0.8ms | Allocations: 233)
Completed 200 OK in 37ms (Views: 31.6ms | ActiveRecord: 0.0ms | Allocations: 4600)


